<?xml version="1.0" encoding="UTF-8"?>
<!-- Generated by org.testng.reporters.JUnitReportReporter -->
<testsuite hostname="sharanya" failures="0" tests="1" name="driverFactory.AppTest" time="140.178" errors="0" timestamp="2024-11-18T11:26:59 IST" skipped="0">
  <testcase classname="driverFactory.AppTest" name="kickStart" time="140.178">
    <system-out>
      <![CDATA[No of rows are::4
Stock-000003560   Stock-000003560]]>
    </system-out>
  </testcase> <!-- kickStart -->
  <system-out>
    <![CDATA[No of rows are::4
Stock-000003560   Stock-000003560]]>
  </system-out>
</testsuite> <!-- driverFactory.AppTest -->
